# JRE version: OpenJDK Runtime Environment (8.0_152-b01) (build 1.8.0_152-release-1343-b01)
# Java VM: OpenJDK 64-Bit Server VM (25.152-b01 mixed mode windows-amd64 compressed oops)
Heap:
 PSYoungGen      total 180224K, used 180222K [0x00000000e0000000, 0x00000000ee080000, 0x0000000100000000)
  eden space 158208K, 100% used [0x00000000e0000000,0x00000000e9a80000,0x00000000e9a80000)
  from space 22016K, 99% used [0x00000000eb600000,0x00000000ecb7fbd8,0x00000000ecb80000)
  to   space 28160K, 55% used [0x00000000e9a80000,0x00000000ea9d5020,0x00000000eb600000)
 ParOldGen       total 276992K, used 54719K [0x00000000a0000000, 0x00000000b0e80000, 0x00000000e0000000)
  object space 276992K, 19% used [0x00000000a0000000,0x00000000a356fca8,0x00000000b0e80000)
 Metaspace       used 66912K, capacity 69448K, committed 69784K, reserved 1110016K
  class space    used 9084K, capacity 9583K, committed 9640K, reserved 1048576K
GC Heap History (10 events):
Event: 11.448 GC heap after
Heap after GC invocations=11 (full 2):
 PSYoungGen      total 141824K, used 17383K [0x00000000e0000000, 0x00000000ebc80000, 0x0000000100000000)
  eden space 124416K, 0% used [0x00000000e0000000,0x00000000e0000000,0x00000000e7980000)
  from space 17408K, 99% used [0x00000000e7980000,0x00000000e8a79d70,0x00000000e8a80000)
  to   space 19456K, 0% used [0x00000000ea980000,0x00000000ea980000,0x00000000ebc80000)
 ParOldGen       total 186880K, used 19824K [0x00000000a0000000, 0x00000000ab680000, 0x00000000e0000000)
  object space 186880K, 10% used [0x00000000a0000000,0x00000000a135c048,0x00000000ab680000)
 Metaspace       used 57481K, capacity 59066K, committed 59160K, reserved 1099776K
  class space    used 7780K, capacity 8174K, committed 8232K, reserved 1048576K
}
Event: 11.448 GC heap before
{Heap before GC invocations=12 (full 3):
 PSYoungGen      total 141824K, used 17383K [0x00000000e0000000, 0x00000000ebc80000, 0x0000000100000000)
  eden space 124416K, 0% used [0x00000000e0000000,0x00000000e0000000,0x00000000e7980000)
  from space 17408K, 99% used [0x00000000e7980000,0x00000000e8a79d70,0x00000000e8a80000)
  to   space 19456K, 0% used [0x00000000ea980000,0x00000000ea980000,0x00000000ebc80000)
 ParOldGen       total 186880K, used 19824K [0x00000000a0000000, 0x00000000ab680000, 0x00000000e0000000)
  object space 186880K, 10% used [0x00000000a0000000,0x00000000a135c048,0x00000000ab680000)
 Metaspace       used 57481K, capacity 59066K, committed 59160K, reserved 1099776K
  class space    used 7780K, capacity 8174K, committed 8232K, reserved 1048576K
Event: 11.831 GC heap after
Heap after GC invocations=12 (full 3):
 PSYoungGen      total 141824K, used 0K [0x00000000e0000000, 0x00000000ebc80000, 0x0000000100000000)
  eden space 124416K, 0% used [0x00000000e0000000,0x00000000e0000000,0x00000000e7980000)
  from space 17408K, 0% used [0x00000000e7980000,0x00000000e7980000,0x00000000e8a80000)
  to   space 19456K, 0% used [0x00000000ea980000,0x00000000ea980000,0x00000000ebc80000)
 ParOldGen       total 276992K, used 33767K [0x00000000a0000000, 0x00000000b0e80000, 0x00000000e0000000)
  object space 276992K, 12% used [0x00000000a0000000,0x00000000a20f9f08,0x00000000b0e80000)
 Metaspace       used 57481K, capacity 59066K, committed 59160K, reserved 1099776K
  class space    used 7780K, capacity 8174K, committed 8232K, reserved 1048576K
}
Event: 13.613 GC heap before
{Heap before GC invocations=13 (full 3):
 PSYoungGen      total 141824K, used 124416K [0x00000000e0000000, 0x00000000ebc80000, 0x0000000100000000)
  eden space 124416K, 100% used [0x00000000e0000000,0x00000000e7980000,0x00000000e7980000)
  from space 17408K, 0% used [0x00000000e7980000,0x00000000e7980000,0x00000000e8a80000)
  to   space 19456K, 0% used [0x00000000ea980000,0x00000000ea980000,0x00000000ebc80000)
 ParOldGen       total 276992K, used 33767K [0x00000000a0000000, 0x00000000b0e80000, 0x00000000e0000000)
  object space 276992K, 12% used [0x00000000a0000000,0x00000000a20f9f08,0x00000000b0e80000)
 Metaspace       used 63032K, capacity 65102K, committed 65304K, reserved 1105920K
  class space    used 8660K, capacity 9157K, committed 9256K, reserved 1048576K
Event: 13.627 GC heap after
Heap after GC invocations=13 (full 3):
 PSYoungGen      total 153600K, used 11459K [0x00000000e0000000, 0x00000000eb500000, 0x0000000100000000)
  eden space 141824K, 0% used [0x00000000e0000000,0x00000000e0000000,0x00000000e8a80000)
  from space 11776K, 97% used [0x00000000ea980000,0x00000000eb4b0e00,0x00000000eb500000)
  to   space 18432K, 0% used [0x00000000e9100000,0x00000000e9100000,0x00000000ea300000)
 ParOldGen       total 276992K, used 33775K [0x00000000a0000000, 0x00000000b0e80000, 0x00000000e0000000)
  object space 276992K, 12% used [0x00000000a0000000,0x00000000a20fbf08,0x00000000b0e80000)
 Metaspace       used 63032K, capacity 65102K, committed 65304K, reserved 1105920K
  class space    used 8660K, capacity 9157K, committed 9256K, reserved 1048576K
}
Event: 14.496 GC heap before
{Heap before GC invocations=14 (full 3):
 PSYoungGen      total 153600K, used 153283K [0x00000000e0000000, 0x00000000eb500000, 0x0000000100000000)
  eden space 141824K, 100% used [0x00000000e0000000,0x00000000e8a80000,0x00000000e8a80000)
  from space 11776K, 97% used [0x00000000ea980000,0x00000000eb4b0e00,0x00000000eb500000)
  to   space 18432K, 0% used [0x00000000e9100000,0x00000000e9100000,0x00000000ea300000)
 ParOldGen       total 276992K, used 33775K [0x00000000a0000000, 0x00000000b0e80000, 0x00000000e0000000)
  object space 276992K, 12% used [0x00000000a0000000,0x00000000a20fbf08,0x00000000b0e80000)
 Metaspace       used 64080K, capacity 66346K, committed 66456K, reserved 1105920K
  class space    used 8801K, capacity 9322K, committed 9384K, reserved 1048576K
Event: 14.517 GC heap after
Heap after GC invocations=14 (full 3):
 PSYoungGen      total 166912K, used 18408K [0x00000000e0000000, 0x00000000ecb80000, 0x0000000100000000)
  eden space 148480K, 0% used [0x00000000e0000000,0x00000000e0000000,0x00000000e9100000)
  from space 18432K, 99% used [0x00000000e9100000,0x00000000ea2fa030,0x00000000ea300000)
  to   space 22016K, 0% used [0x00000000eb600000,0x00000000eb600000,0x00000000ecb80000)
 ParOldGen       total 276992K, used 38424K [0x00000000a0000000, 0x00000000b0e80000, 0x00000000e0000000)
  object space 276992K, 13% used [0x00000000a0000000,0x00000000a25863e0,0x00000000b0e80000)
 Metaspace       used 64080K, capacity 66346K, committed 66456K, reserved 1105920K
  class space    used 8801K, capacity 9322K, committed 9384K, reserved 1048576K
}
Event: 15.965 GC heap before
{Heap before GC invocations=15 (full 3):
 PSYoungGen      total 166912K, used 166888K [0x00000000e0000000, 0x00000000ecb80000, 0x0000000100000000)
  eden space 148480K, 100% used [0x00000000e0000000,0x00000000e9100000,0x00000000e9100000)
  from space 18432K, 99% used [0x00000000e9100000,0x00000000ea2fa030,0x00000000ea300000)
  to   space 22016K, 0% used [0x00000000eb600000,0x00000000eb600000,0x00000000ecb80000)
 ParOldGen       total 276992K, used 38424K [0x00000000a0000000, 0x00000000b0e80000, 0x00000000e0000000)
  object space 276992K, 13% used [0x00000000a0000000,0x00000000a25863e0,0x00000000b0e80000)
 Metaspace       used 66578K, capacity 69108K, committed 69272K, reserved 1110016K
  class space    used 9054K, capacity 9579K, committed 9640K, reserved 1048576K
Event: 15.995 GC heap after
Heap after GC invocations=15 (full 3):
 PSYoungGen      total 180224K, used 22014K [0x00000000e0000000, 0x00000000ee080000, 0x0000000100000000)
  eden space 158208K, 0% used [0x00000000e0000000,0x00000000e0000000,0x00000000e9a80000)
  from space 22016K, 99% used [0x00000000eb600000,0x00000000ecb7fbd8,0x00000000ecb80000)
  to   space 28160K, 0% used [0x00000000e9a80000,0x00000000e9a80000,0x00000000eb600000)
 ParOldGen       total 276992K, used 47443K [0x00000000a0000000, 0x00000000b0e80000, 0x00000000e0000000)
  object space 276992K, 17% used [0x00000000a0000000,0x00000000a2e54c08,0x00000000b0e80000)
 Metaspace       used 66578K, capacity 69108K, committed 69272K, reserved 1110016K
  class space    used 9054K, capacity 9579K, committed 9640K, reserved 1048576K
}
Event: 16.765 GC heap before
{Heap before GC invocations=16 (full 3):
 PSYoungGen      total 180224K, used 180222K [0x00000000e0000000, 0x00000000ee080000, 0x0000000100000000)
  eden space 158208K, 100% used [0x00000000e0000000,0x00000000e9a80000,0x00000000e9a80000)
  from space 22016K, 99% used [0x00000000eb600000,0x00000000ecb7fbd8,0x00000000ecb80000)
  to   space 28160K, 0% used [0x00000000e9a80000,0x00000000e9a80000,0x00000000eb600000)
 ParOldGen       total 276992K, used 47443K [0x00000000a0000000, 0x00000000b0e80000, 0x00000000e0000000)
  object space 276992K, 17% used [0x00000000a0000000,0x00000000a2e54c08,0x00000000b0e80000)
 Metaspace       used 66912K, capacity 69448K, committed 69784K, reserved 1110016K
  class space    used 9084K, capacity 9583K, committed 9640K, reserved 1048576K

